
SQLSRV (Server)	Thu Mar 12 12:08:30 2020
	INET/inet_error: connect errno = 10060


SQLSRV (Server)	Thu Mar 12 12:09:52 2020
	INET/inet_error: connect errno = 10060


SQLSRV (Server)	Thu Mar 12 12:10:15 2020
	INET/inet_error: connect errno = 10060


SQLSRV (Server)	Thu Mar 12 12:15:54 2020
	INET/inet_error: connect errno = 10060


SQLSRV (Server)	Thu Mar 12 12:16:17 2020
	INET/inet_error: connect errno = 10060


LEO-PC (Server)	Wed Apr 01 00:32:59 2020
	INET/INET_connect: gethostbyname (mutualpfa.dyndns.org	) failed, error code = 11001


LEO-PC (Server)	Wed Apr 01 00:33:01 2020
	INET/INET_connect: gethostbyname (mutualpfa.dyndns.org	) failed, error code = 11001


LEO-PC (Server)	Wed Apr 01 00:34:54 2020
	INET/INET_connect: gethostbyname (mutualpfa.dyndns.org	) failed, error code = 11001


LEO-PC (Server)	Wed Apr 01 00:34:56 2020
	INET/INET_connect: gethostbyname (mutualpfa.dyndns.org	) failed, error code = 11001


LEO-PC (Server)	Wed Apr 01 00:35:05 2020
	INET/INET_connect: gethostbyname (mutualpfa.dyndns.org	) failed, error code = 11001


LEO-PC (Server)	Wed Apr 01 00:35:07 2020
	INET/INET_connect: gethostbyname (mutualpfa.dyndns.org	) failed, error code = 11001


LEO-PC (Server)	Wed Apr 01 00:37:50 2020
	INET/INET_connect: gethostbyname (mutualpfa.dyndns.org	) failed, error code = 11001


LEO-PC (Server)	Wed Apr 01 00:37:52 2020
	INET/INET_connect: gethostbyname (mutualpfa.dyndns.org	) failed, error code = 11001


LEO-PC (Server)	Wed Apr 01 00:39:31 2020
	INET/INET_connect: gethostbyname (mutualpfa.dyndns.org	) failed, error code = 11001


LEO-PC (Server)	Wed Apr 01 00:39:33 2020
	INET/INET_connect: gethostbyname (mutualpfa.dyndns.org	) failed, error code = 11001


LEO-PC (Server)	Wed Apr 01 00:39:38 2020
	INET/INET_connect: gethostbyname (mutualpfa.dyndns.org	) failed, error code = 11001


LEO-PC (Server)	Wed Apr 01 00:39:40 2020
	INET/INET_connect: gethostbyname (mutualpfa.dyndns.org	) failed, error code = 11001


LEO-PC (Server)	Wed Apr 01 00:43:29 2020
	INET/INET_connect: gethostbyname (mutualpfa.dyndns.org	) failed, error code = 11001


LEO-PC (Server)	Wed Apr 01 00:43:31 2020
	INET/INET_connect: gethostbyname (mutualpfa.dyndns.org	) failed, error code = 11001


LEO-PC (Server)	Wed Apr 01 00:44:05 2020
	INET/INET_connect: gethostbyname (mutualpfa.dyndns.org	) failed, error code = 11001


LEO-PC (Server)	Wed Apr 01 00:44:07 2020
	INET/INET_connect: gethostbyname (mutualpfa.dyndns.org	) failed, error code = 11001


LEO-PC (Server)	Wed Apr 01 01:02:29 2020
	INET/INET_connect: gethostbyname (mutualpfa.dyndns.org	) failed, error code = 11001


LEO-PC (Server)	Wed Apr 01 01:02:31 2020
	INET/INET_connect: gethostbyname (mutualpfa.dyndns.org	) failed, error code = 11001


LEO-PC (Server)	Wed Apr 01 01:12:33 2020
	INET/INET_connect: gethostbyname (mutualpfa.dyndns.org	) failed, error code = 11001


LEO-PC (Server)	Wed Apr 01 01:12:35 2020
	INET/INET_connect: gethostbyname (mutualpfa.dyndns.org	) failed, error code = 11001


LEO-PC (Server)	Wed Apr 01 01:14:37 2020
	INET/INET_connect: gethostbyname (mutualpfa.dyndns.org	) failed, error code = 11001


LEO-PC (Server)	Wed Apr 01 01:14:39 2020
	INET/INET_connect: gethostbyname (mutualpfa.dyndns.org	) failed, error code = 11001


LEO-PC (Server)	Wed Apr 01 01:14:44 2020
	INET/INET_connect: gethostbyname (mutualpfa.dyndns.org	) failed, error code = 11001


LEO-PC (Server)	Wed Apr 01 01:14:46 2020
	INET/INET_connect: gethostbyname (mutualpfa.dyndns.org	) failed, error code = 11001


LEO-PC (Server)	Wed Apr 01 01:15:44 2020
	INET/INET_connect: gethostbyname (mutualpfa.dyndns.org	) failed, error code = 11001


LEO-PC (Server)	Wed Apr 01 01:15:46 2020
	INET/INET_connect: gethostbyname (mutualpfa.dyndns.org	) failed, error code = 11001


SQLSRV (Server)	Mon Mar 01 17:51:43 2021
	INET/inet_error: connect errno = 10060


SQLSRV (Server)	Mon Mar 01 17:52:06 2021
	INET/inet_error: connect errno = 10060


SQLSRV (Server)	Wed Mar 03 17:43:04 2021
	INET/inet_error: connect errno = 10060


SQLSRV (Server)	Wed Mar 03 17:43:27 2021
	INET/inet_error: connect errno = 10060


DEVELOPER (Server)	Thu Oct 14 14:53:35 2021
	INET/inet_error: connect errno = 10060


DEVELOPER (Server)	Thu Oct 14 14:53:58 2021
	INET/inet_error: connect errno = 10060


DEVELOPER (Server)	Tue Jan 18 07:48:25 2022
	INET/inet_error: connect errno = 10060


DEVELOPER (Server)	Tue Jan 18 07:48:48 2022
	INET/inet_error: connect errno = 10060


DEVELOPER (Server)	Tue Jan 18 07:53:40 2022
	INET/inet_error: connect errno = 10060


DEVELOPER (Server)	Tue Jan 18 07:54:03 2022
	INET/inet_error: connect errno = 10060


DEVELOPER (Server)	Tue Jan 18 07:55:21 2022
	INET/inet_error: connect errno = 10060


DEVELOPER (Server)	Tue Jan 18 07:55:44 2022
	INET/inet_error: connect errno = 10060


DEVELOPER (Server)	Tue Jan 18 07:58:32 2022
	INET/inet_error: connect errno = 10060


DEVELOPER (Server)	Tue Jan 18 07:58:55 2022
	INET/inet_error: connect errno = 10060


DEVELOPER (Server)	Tue Jan 18 07:59:40 2022
	INET/inet_error: connect errno = 10060


DEVELOPER (Server)	Tue Jan 18 08:00:03 2022
	INET/inet_error: connect errno = 10060

